# JRE version: OpenJDK Runtime Environment (8.0_181-b13) (build 1.8.0_181-8u181-b13-0ubuntu0.16.04.1-b13)
# Java VM: OpenJDK 64-Bit Server VM (25.181-b13 mixed mode linux-amd64 compressed oops)
Heap:
 PSYoungGen      total 36352K, used 31390K [0x00000000d5b00000, 0x00000000d8d80000, 0x0000000100000000)
  eden space 35328K, 85% used [0x00000000d5b00000,0x00000000d78a7b00,0x00000000d7d80000)
  from space 1024K, 100% used [0x00000000d7d80000,0x00000000d7e80000,0x00000000d7e80000)
  to   space 1536K, 0% used [0x00000000d8c00000,0x00000000d8c00000,0x00000000d8d80000)
 ParOldGen       total 87552K, used 924K [0x0000000081000000, 0x0000000086580000, 0x00000000d5b00000)
  object space 87552K, 1% used [0x0000000081000000,0x00000000810e7060,0x0000000086580000)
 Metaspace       used 3996K, capacity 4862K, committed 5120K, reserved 1056768K
  class space    used 408K, capacity 425K, committed 512K, reserved 1048576K
GC Heap History (10 events):
Event: 1.968 GC heap before
{Heap before GC invocations=7 (full 0):
 PSYoungGen      total 33280K, used 32896K [0x00000000d5b00000, 0x00000000d8100000, 0x0000000100000000)
  eden space 32256K, 100% used [0x00000000d5b00000,0x00000000d7a80000,0x00000000d7a80000)
  from space 1024K, 62% used [0x00000000d8000000,0x00000000d80a0000,0x00000000d8100000)
  to   space 1024K, 0% used [0x00000000d7f00000,0x00000000d7f00000,0x00000000d8000000)
 ParOldGen       total 87552K, used 0K [0x0000000081000000, 0x0000000086580000, 0x00000000d5b00000)
  object space 87552K, 0% used [0x0000000081000000,0x0000000081000000,0x0000000086580000)
 Metaspace       used 3799K, capacity 4670K, committed 4864K, reserved 1056768K
  class space    used 391K, capacity 425K, committed 512K, reserved 1048576K
Event: 1.970 GC heap after
Heap after GC invocations=7 (full 0):
 PSYoungGen      total 32256K, used 32K [0x00000000d5b00000, 0x00000000d8080000, 0x0000000100000000)
  eden space 31744K, 0% used [0x00000000d5b00000,0x00000000d5b00000,0x00000000d7a00000)
  from space 512K, 6% used [0x00000000d7f00000,0x00000000d7f08000,0x00000000d7f80000)
  to   space 1024K, 0% used [0x00000000d7f80000,0x00000000d7f80000,0x00000000d8080000)
 ParOldGen       total 87552K, used 620K [0x0000000081000000, 0x0000000086580000, 0x00000000d5b00000)
  object space 87552K, 0% used [0x0000000081000000,0x000000008109b060,0x0000000086580000)
 Metaspace       used 3799K, capacity 4670K, committed 4864K, reserved 1056768K
  class space    used 391K, capacity 425K, committed 512K, reserved 1048576K
}
Event: 2.107 GC heap before
{Heap before GC invocations=8 (full 0):
 PSYoungGen      total 32256K, used 31776K [0x00000000d5b00000, 0x00000000d8080000, 0x0000000100000000)
  eden space 31744K, 100% used [0x00000000d5b00000,0x00000000d7a00000,0x00000000d7a00000)
  from space 512K, 6% used [0x00000000d7f00000,0x00000000d7f08000,0x00000000d7f80000)
  to   space 1024K, 0% used [0x00000000d7f80000,0x00000000d7f80000,0x00000000d8080000)
 ParOldGen       total 87552K, used 620K [0x0000000081000000, 0x0000000086580000, 0x00000000d5b00000)
  object space 87552K, 0% used [0x0000000081000000,0x000000008109b060,0x0000000086580000)
 Metaspace       used 3891K, capacity 4734K, committed 4864K, reserved 1056768K
  class space    used 399K, capacity 425K, committed 512K, reserved 1048576K
Event: 2.108 GC heap after
Heap after GC invocations=8 (full 0):
 PSYoungGen      total 31744K, used 96K [0x00000000d5b00000, 0x00000000d8000000, 0x0000000100000000)
  eden space 31232K, 0% used [0x00000000d5b00000,0x00000000d5b00000,0x00000000d7980000)
  from space 512K, 18% used [0x00000000d7f80000,0x00000000d7f98000,0x00000000d8000000)
  to   space 1024K, 0% used [0x00000000d7e00000,0x00000000d7e00000,0x00000000d7f00000)
 ParOldGen       total 87552K, used 628K [0x0000000081000000, 0x0000000086580000, 0x00000000d5b00000)
  object space 87552K, 0% used [0x0000000081000000,0x000000008109d060,0x0000000086580000)
 Metaspace       used 3891K, capacity 4734K, committed 4864K, reserved 1056768K
  class space    used 399K, capacity 425K, committed 512K, reserved 1048576K
}
Event: 2.411 GC heap before
{Heap before GC invocations=9 (full 0):
 PSYoungGen      total 31744K, used 31328K [0x00000000d5b00000, 0x00000000d8000000, 0x0000000100000000)
  eden space 31232K, 100% used [0x00000000d5b00000,0x00000000d7980000,0x00000000d7980000)
  from space 512K, 18% used [0x00000000d7f80000,0x00000000d7f98000,0x00000000d8000000)
  to   space 1024K, 0% used [0x00000000d7e00000,0x00000000d7e00000,0x00000000d7f00000)
 ParOldGen       total 87552K, used 628K [0x0000000081000000, 0x0000000086580000, 0x00000000d5b00000)
  object space 87552K, 0% used [0x0000000081000000,0x000000008109d060,0x0000000086580000)
 Metaspace       used 3910K, capacity 4798K, committed 5120K, reserved 1056768K
  class space    used 399K, capacity 425K, committed 512K, reserved 1048576K
Event: 2.411 GC heap after
Heap after GC invocations=9 (full 0):
 PSYoungGen      total 31744K, used 64K [0x00000000d5b00000, 0x00000000d8000000, 0x0000000100000000)
  eden space 30720K, 0% used [0x00000000d5b00000,0x00000000d5b00000,0x00000000d7900000)
  from space 1024K, 6% used [0x00000000d7e00000,0x00000000d7e10000,0x00000000d7f00000)
  to   space 1024K, 0% used [0x00000000d7f00000,0x00000000d7f00000,0x00000000d8000000)
 ParOldGen       total 87552K, used 636K [0x0000000081000000, 0x0000000086580000, 0x00000000d5b00000)
  object space 87552K, 0% used [0x0000000081000000,0x000000008109f060,0x0000000086580000)
 Metaspace       used 3910K, capacity 4798K, committed 5120K, reserved 1056768K
  class space    used 399K, capacity 425K, committed 512K, reserved 1048576K
}
Event: 2.553 GC heap before
{Heap before GC invocations=10 (full 0):
 PSYoungGen      total 31744K, used 30784K [0x00000000d5b00000, 0x00000000d8000000, 0x0000000100000000)
  eden space 30720K, 100% used [0x00000000d5b00000,0x00000000d7900000,0x00000000d7900000)
  from space 1024K, 6% used [0x00000000d7e00000,0x00000000d7e10000,0x00000000d7f00000)
  to   space 1024K, 0% used [0x00000000d7f00000,0x00000000d7f00000,0x00000000d8000000)
 ParOldGen       total 87552K, used 636K [0x0000000081000000, 0x0000000086580000, 0x00000000d5b00000)
  object space 87552K, 0% used [0x0000000081000000,0x000000008109f060,0x0000000086580000)
 Metaspace       used 3978K, capacity 4798K, committed 5120K, reserved 1056768K
  class space    used 407K, capacity 425K, committed 512K, reserved 1048576K
Event: 2.554 GC heap after
Heap after GC invocations=10 (full 0):
 PSYoungGen      total 30720K, used 96K [0x00000000d5b00000, 0x00000000d7f80000, 0x0000000100000000)
  eden space 30208K, 0% used [0x00000000d5b00000,0x00000000d5b00000,0x00000000d7880000)
  from space 512K, 18% used [0x00000000d7f00000,0x00000000d7f18000,0x00000000d7f80000)
  to   space 1024K, 0% used [0x00000000d7d80000,0x00000000d7d80000,0x00000000d7e80000)
 ParOldGen       total 87552K, used 652K [0x0000000081000000, 0x0000000086580000, 0x00000000d5b00000)
  object space 87552K, 0% used [0x0000000081000000,0x00000000810a3060,0x0000000086580000)
 Metaspace       used 3978K, capacity 4798K, committed 5120K, reserved 1056768K
  class space    used 407K, capacity 425K, committed 512K, reserved 1048576K
}
Event: 2.690 GC heap before
{Heap before GC invocations=11 (full 0):
 PSYoungGen      total 30720K, used 30304K [0x00000000d5b00000, 0x00000000d7f80000, 0x0000000100000000)
  eden space 30208K, 100% used [0x00000000d5b00000,0x00000000d7880000,0x00000000d7880000)
  from space 512K, 18% used [0x00000000d7f00000,0x00000000d7f18000,0x00000000d7f80000)
  to   space 1024K, 0% used [0x00000000d7d80000,0x00000000d7d80000,0x00000000d7e80000)
 ParOldGen       total 87552K, used 652K [0x0000000081000000, 0x0000000086580000, 0x00000000d5b00000)
  object space 87552K, 0% used [0x0000000081000000,0x00000000810a3060,0x0000000086580000)
 Metaspace       used 3996K, capacity 4862K, committed 5120K, reserved 1056768K
  class space    used 408K, capacity 425K, committed 512K, reserved 1048576K
Event: 2.693 GC heap after
Heap after GC invocations=11 (full 0):
 PSYoungGen      total 36352K, used 1024K [0x00000000d5b00000, 0x00000000d8d80000, 0x0000000100000000)
  eden space 35328K, 0% used [0x00000000d5b00000,0x00000000d5b00000,0x00000000d7d80000)
  from space 1024K, 100% used [0x00000000d7d80000,0x00000000d7e80000,0x00000000d7e80000)
  to   space 1536K, 0% used [0x00000000d8c00000,0x00000000d8c00000,0x00000000d8d80000)
 ParOldGen       total 87552K, used 924K [0x0000000081000000, 0x0000000086580000, 0x00000000d5b00000)
  object space 87552K, 1% used [0x0000000081000000,0x00000000810e7060,0x0000000086580000)
 Metaspace       used 3996K, capacity 4862K, committed 5120K, reserved 1056768K
  class space    used 408K, capacity 425K, committed 512K, reserved 1048576K
}

